<?xml version="1.0" encoding="UTF-8"?>
<!-- Generated by org.testng.reporters.JUnitXMLReporter -->
<testsuite ignored="0" hostname="LAPTOP-A53TTVVU" failures="0" tests="6" name="Surefire test" time="0.107" errors="0" timestamp="10 Jun 2020 10:48:39 GMT">
  <testcase classname="QAClickAcadamey.MavenTutorial.AppiumTest" name="IosAPP on IosAPP(QAClickAcadamey.MavenTutorial.AppiumTest)" time="0.014"/>
  <testcase classname="QAClickAcadamey.MavenTutorial.AppiumTest" name="AndroidApp on AndroidApp(QAClickAcadamey.MavenTutorial.AppiumTest)" time="0.013"/>
  <testcase classname="QAClickAcadamey.MavenTutorial.RestAPITest" name="BrowserAPI on BrowserAPI(QAClickAcadamey.MavenTutorial.RestAPITest)" time="0.004"/>
  <testcase classname="QAClickAcadamey.MavenTutorial.RestAPITest" name="LocalAPI on LocalAPI(QAClickAcadamey.MavenTutorial.RestAPITest)" time="0.002"/>
  <testcase classname="QAClickAcadamey.MavenTutorial.SeleniumTest" name="Data on Data(QAClickAcadamey.MavenTutorial.SeleniumTest)" time="0.003"/>
  <testcase classname="QAClickAcadamey.MavenTutorial.SeleniumTest" name="Excel on Excel(QAClickAcadamey.MavenTutorial.SeleniumTest)" time="0.004"/>
</testsuite> <!-- Surefire test -->
