<?xml version="1.0" encoding="UTF-8"?>
<testng-results ignored="0" total="6" passed="6" failed="0" skipped="0">
  <reporter-output>
  </reporter-output>
  <suite started-at="2020-06-10T10:48:39Z" name="Surefire suite" finished-at="2020-06-10T10:48:39Z" duration-ms="107">
    <groups>
    </groups>
    <test started-at="2020-06-10T10:48:39Z" name="Surefire test" finished-at="2020-06-10T10:48:39Z" duration-ms="107">
      <class name="QAClickAcadamey.MavenTutorial.SeleniumTest">
        <test-method signature="Excel()" started-at="2020-06-10T16:18:39Z" name="Excel" finished-at="2020-06-10T16:18:39Z" duration-ms="4" status="PASS">
          <reporter-output>
          </reporter-output>
        </test-method> <!-- Excel -->
        <test-method signature="Data()" started-at="2020-06-10T16:18:39Z" name="Data" finished-at="2020-06-10T16:18:39Z" duration-ms="3" status="PASS">
          <reporter-output>
          </reporter-output>
        </test-method> <!-- Data -->
      </class> <!-- QAClickAcadamey.MavenTutorial.SeleniumTest -->
      <class name="QAClickAcadamey.MavenTutorial.RestAPITest">
        <test-method signature="BrowserAPI()" started-at="2020-06-10T16:18:39Z" name="BrowserAPI" finished-at="2020-06-10T16:18:39Z" duration-ms="4" status="PASS">
          <reporter-output>
          </reporter-output>
        </test-method> <!-- BrowserAPI -->
        <test-method signature="LocalAPI()" started-at="2020-06-10T16:18:39Z" name="LocalAPI" finished-at="2020-06-10T16:18:39Z" duration-ms="2" status="PASS">
          <reporter-output>
          </reporter-output>
        </test-method> <!-- LocalAPI -->
      </class> <!-- QAClickAcadamey.MavenTutorial.RestAPITest -->
      <class name="QAClickAcadamey.MavenTutorial.AppiumTest">
        <test-method signature="IosAPP()" started-at="2020-06-10T16:18:39Z" name="IosAPP" finished-at="2020-06-10T16:18:39Z" duration-ms="14" status="PASS">
          <reporter-output>
          </reporter-output>
        </test-method> <!-- IosAPP -->
        <test-method signature="AndroidApp()" started-at="2020-06-10T16:18:39Z" name="AndroidApp" finished-at="2020-06-10T16:18:39Z" duration-ms="13" status="PASS">
          <reporter-output>
          </reporter-output>
        </test-method> <!-- AndroidApp -->
      </class> <!-- QAClickAcadamey.MavenTutorial.AppiumTest -->
    </test> <!-- Surefire test -->
  </suite> <!-- Surefire suite -->
</testng-results>
