<?xml version="1.0" encoding="UTF-8"?>
<testsuite xmlns:xsi="http://www.w3.org/2001/XMLSchema-instance" xsi:noNamespaceSchemaLocation="https://maven.apache.org/surefire/maven-surefire-plugin/xsd/surefire-test-report.xsd" name="TestSuite" time="0.824" tests="6" errors="0" skipped="0" failures="0">
  <properties>
[...]
</properties>
  <testcase name="IosAPP on IosAPP(QAClickAcadamey.MavenTutorial.AppiumTest)" classname="QAClickAcadamey.MavenTutorial.AppiumTest" time="0.016"/>
  <testcase name="AndroidApp on AndroidApp(QAClickAcadamey.MavenTutorial.AppiumTest)" classname="QAClickAcadamey.MavenTutorial.AppiumTest" time="0.003"/>
  <testcase name="BrowserAPI on BrowserAPI(QAClickAcadamey.MavenTutorial.RestAPITest)" classname="QAClickAcadamey.MavenTutorial.RestAPITest" time="0.001"/>
  <testcase name="LocalAPI on LocalAPI(QAClickAcadamey.MavenTutorial.RestAPITest)" classname="QAClickAcadamey.MavenTutorial.RestAPITest" time="0.001"/>
  <testcase name="Data on Data(QAClickAcadamey.MavenTutorial.SeleniumTest)" classname="QAClickAcadamey.MavenTutorial.SeleniumTest" time="0.001"/>
  <testcase name="Excel on Excel(QAClickAcadamey.MavenTutorial.SeleniumTest)" classname="QAClickAcadamey.MavenTutorial.SeleniumTest" time="0.002"/>
</testsuite>